[Psy-X] Initialising Psy-X 2.8
[Psy-X] Build date: Apr 22 2024:10:59:02
[Psy-X] *Video adapter: NVIDIA GeForce RTX 4060/PCIe/SSE2 by NVIDIA Corporation
[Psy-X] *OpenGL version: 3.3.0 NVIDIA 581.08
[Psy-X] *GLSL version: 3.30 NVIDIA via Cg compiler
REDRIVER2 7.8.797 Apr 22 2024 10:59:31 (Release)
[Psy-X] [OpenBinaryImageFile] - CD image 'install/Driver2CD1.bin' not found.
[Psy-X] found sound device: OpenAL Soft
[Psy-X] PSX SPU effects are supported and initialized
[Psy-X] [OpenBinaryImageFile] - CD image 'install/Driver2CD1.bin' not found.
[Psy-X] WARNING - CD subsystem is not initialized yet!
[Psy-X] SDL GameController list:
[Psy-X]   0 'Xbox 360 Controller'
[Psy-X] SDL haptic list:
[Psy-X]   0 'vJoy Device'
[Psy-X] found sound device: OpenAL Soft
[Psy-X] PSX SPU effects are supported and initialized
[Psy-X] [OpenBinaryImageFile] - CD image 'install/Driver2CD1.bin' not found.
*---LSBD(): successful init---*
[Psy-X] WARNING - CD subsystem is not initialized yet!
[Psy-X] WARNING - CD subsystem is not initialized yet!
[Psy-X] WARNING - CD subsystem is not initialized yet!
[Psy-X] WARNING - CD subsystem is not initialized yet!
[Psy-X] WARNING - CD subsystem is not initialized yet!
[Psy-X] WARNING - CD subsystem is not initialized yet!
*---LSBD(): successful init---*
*---LSBD(): saved memtop---*
*---LSBD(): saved banktop 9---*
NewLevel in InitMusic()
[Psy-X] WARNING - CD subsystem is not initialized yet!
[Psy-X] WARNING - CD subsystem is not initialized yet!
[Psy-X] WARNING - CD subsystem is not initialized yet!
[Psy-X] WARNING - CD subsystem is not initialized yet!
[Psy-X] WARNING - CD subsystem is not initialized yet!
[Psy-X] WARNING - CD subsystem is not initialized yet!
LUMP_TEXTURENAMES: size: 7112
LUMP_TEXTUREINFO: size: 8360
LUMP_MODELNAMES: size: 2762
LUMP_PALLET: size: 15576
LUMP_MOTIONCAPTURE: size: 2450
LUMP_MOTIONCAPTURE: size: 2594
LUMP_MOTIONCAPTURE: size: 2450
LUMP_MOTIONCAPTURE: size: 2450
LUMP_MOTIONCAPTURE: size: 2450
LUMP_MOTIONCAPTURE: size: 2450
LUMP_MOTIONCAPTURE: size: 2882
LUMP_MOTIONCAPTURE: size: 2594
LUMP_MOTIONCAPTURE: size: 3840
LUMP_MOTIONCAPTURE: size: 3840
LUMP_MOTIONCAPTURE: size: 3840
LUMP_MOTIONCAPTURE: size: 240
LUMP_MOTIONCAPTURE: size: 240
LUMP_MOTIONCAPTURE: size: 240
LUMP_CAR_MODELS: size: 123324
LUMP_MODELS: size: 172716
[Psy-X] WARNING - CD subsystem is not initialized yet!
[Psy-X] WARNING - CD subsystem is not initialized yet!
[Psy-X] WARNING - CD subsystem is not initialized yet!
[Psy-X] WARNING - CD subsystem is not initialized yet!
[Psy-X] WARNING - CD subsystem is not initialized yet!
[Psy-X] WARNING - CD subsystem is not initialized yet!
[Psy-X] WARNING - CD subsystem is not initialized yet!
[Psy-X] WARNING - CD subsystem is not initialized yet!
[Psy-X] WARNING - CD subsystem is not initialized yet!
[Psy-X] WARNING - CD subsystem is not initialized yet!
[Psy-X] WARNING - CD subsystem is not initialized yet!
[Psy-X] WARNING - CD subsystem is not initialized yet!
[Psy-X] WARNING - CD subsystem is not initialized yet!
[Psy-X] WARNING - CD subsystem is not initialized yet!
[Psy-X] WARNING - CD subsystem is not initialized yet!
LUMP_SPOOLINFO: size: 3084
LUMP_STRAIGHTS2: size: 21816
LUMP_CURVES2: size: 4232
LUMP_JUNCTIONS2_NEW: size: 3028
LUMP_SUBDIVISION: size: 19392
LUMP_OVERLAYMAP: size: 21880
LUMP_CHAIR: size: 4092
LUMP_LOWDETAILTABLE: size: 4820
[Psy-X] WARNING - CD subsystem is not initialized yet!
[Psy-X] WARNING - CD subsystem is not initialized yet!
[Psy-X] WARNING - CD subsystem is not initialized yet!
[Psy-X] WARNING - CD subsystem is not initialized yet!
[Psy-X] WARNING - CD subsystem is not initialized yet!
[Psy-X] WARNING - CD subsystem is not initialized yet!
[Psy-X] WARNING - CD subsystem is not initialized yet!
[Psy-X] WARNING - CD subsystem is not initialized yet!
[Psy-X] WARNING - CD subsystem is not initialized yet!
[Psy-X] WARNING - CD subsystem is not initialized yet!
[Psy-X] WARNING - CD subsystem is not initialized yet!
[Psy-X] WARNING - CD subsystem is not initialized yet!
[Psy-X] WARNING - CD subsystem is not initialized yet!
[Psy-X] WARNING - CD subsystem is not initialized yet!
[Psy-X] WARNING - CD subsystem is not initialized yet!
[Psy-X] WARNING - CD subsystem is not initialized yet!
[Psy-X] WARNING - CD subsystem is not initialized yet!
[Psy-X] WARNING - CD subsystem is not initialized yet!
[Psy-X] WARNING - CD subsystem is not initialized yet!
[Psy-X] WARNING - CD subsystem is not initialized yet!
[Psy-X] WARNING - CD subsystem is not initialized yet!
[Psy-X] WARNING - CD subsystem is not initialized yet!
[Psy-X] WARNING - CD subsystem is not initialized yet!
[Psy-X] WARNING - CD subsystem is not initialized yet!
[Psy-X] WARNING - CD subsystem is not initialized yet!
[Psy-X] WARNING - CD subsystem is not initialized yet!
[Psy-X] WARNING - CD subsystem is not initialized yet!
[Psy-X] WARNING - CD subsystem is not initialized yet!
[Psy-X] WARNING - CD subsystem is not initialized yet!
[Psy-X] WARNING - CD subsystem is not initialized yet!
[Psy-X] WARNING - CD subsystem is not initialized yet!
[Psy-X] WARNING - CD subsystem is not initialized yet!
[Psy-X] WARNING - CD subsystem is not initialized yet!
[Psy-X] WARNING - CD subsystem is not initialized yet!
[Psy-X] WARNING - CD subsystem is not initialized yet!
[Psy-X] WARNING - CD subsystem is not initialized yet!
[Psy-X] WARNING - CD subsystem is not initialized yet!
[Psy-X] WARNING - CD subsystem is not initialized yet!
[Psy-X] WARNING - CD subsystem is not initialized yet!
[Psy-X] WARNING - CD subsystem is not initialized yet!
[Psy-X] WARNING - CD subsystem is not initialized yet!
[Psy-X] WARNING - CD subsystem is not initialized yet!
[Psy-X] WARNING - CD subsystem is not initialized yet!
[Psy-X] WARNING - CD subsystem is not initialized yet!
[Psy-X] WARNING - CD subsystem is not initialized yet!
[Psy-X] WARNING - CD subsystem is not initialized yet!
[Psy-X] WARNING - CD subsystem is not initialized yet!
[Psy-X] WARNING - CD subsystem is not initialized yet!
[Psy-X] WARNING - CD subsystem is not initialized yet!
[Psy-X] WARNING - CD subsystem is not initialized yet!
[Psy-X] WARNING - CD subsystem is not initialized yet!
[Psy-X] WARNING - CD subsystem is not initialized yet!
[Psy-X] WARNING - CD subsystem is not initialized yet!
[Psy-X] WARNING - CD subsystem is not initialized yet!
[Psy-X] WARNING - CD subsystem is not initialized yet!
[Psy-X] WARNING - CD subsystem is not initialized yet!
[Psy-X] WARNING - CD subsystem is not initialized yet!
[Psy-X] WARNING - CD subsystem is not initialized yet!
[Psy-X] WARNING - CD subsystem is not initialized yet!
[Psy-X] WARNING - CD subsystem is not initialized yet!
[Psy-X] WARNING - CD subsystem is not initialized yet!
[Psy-X] WARNING - CD subsystem is not initialized yet!
[Psy-X] WARNING - CD subsystem is not initialized yet!
[Psy-X] WARNING - CD subsystem is not initialized yet!
[Psy-X] WARNING - CD subsystem is not initialized yet!
[Psy-X] WARNING - CD subsystem is not initialized yet!
[Psy-X] WARNING - CD subsystem is not initialized yet!
[Psy-X] WARNING - CD subsystem is not initialized yet!
[Psy-X] WARNING - CD subsystem is not initialized yet!
[Psy-X] WARNING - CD subsystem is not initialized yet!
[Psy-X] WARNING - CD subsystem is not initialized yet!
[Psy-X] WARNING - CD subsystem is not initialized yet!
[Psy-X] WARNING - CD subsystem is not initialized yet!
[Psy-X] WARNING - CD subsystem is not initialized yet!
[Psy-X] WARNING - CD subsystem is not initialized yet!
[Psy-X] WARNING - CD subsystem is not initialized yet!
[Psy-X] WARNING - CD subsystem is not initialized yet!
[Psy-X] WARNING - CD subsystem is not initialized yet!
[Psy-X] WARNING - CD subsystem is not initialized yet!
[Psy-X] WARNING - CD subsystem is not initialized yet!
[Psy-X] WARNING - CD subsystem is not initialized yet!
[Psy-X] WARNING - CD subsystem is not initialized yet!
[Psy-X] WARNING - CD subsystem is not initialized yet!
[Psy-X] WARNING - CD subsystem is not initialized yet!
[Psy-X] WARNING - CD subsystem is not initialized yet!
[Psy-X] WARNING - CD subsystem is not initialized yet!
[Psy-X] WARNING - CD subsystem is not initialized yet!
[Psy-X] WARNING - CD subsystem is not initialized yet!
[Psy-X] WARNING - CD subsystem is not initialized yet!
[Psy-X] WARNING - CD subsystem is not initialized yet!
[Psy-X] WARNING - CD subsystem is not initialized yet!
[Psy-X] WARNING - CD subsystem is not initialized yet!
[Psy-X] WARNING - CD subsystem is not initialized yet!
[Psy-X] WARNING - CD subsystem is not initialized yet!
[Psy-X] WARNING - CD subsystem is not initialized yet!
[Psy-X] WARNING - CD subsystem is not initialized yet!
[Psy-X] WARNING - CD subsystem is not initialized yet!
[Psy-X] WARNING - CD subsystem is not initialized yet!
[Psy-X] WARNING - CD subsystem is not initialized yet!
[Psy-X] WARNING - CD subsystem is not initialized yet!
[Psy-X] WARNING - CD subsystem is not initialized yet!
[Psy-X] WARNING - CD subsystem is not initialized yet!
[Psy-X] WARNING - CD subsystem is not initialized yet!
[Psy-X] WARNING - CD subsystem is not initialized yet!
[Psy-X] WARNING - CD subsystem is not initialized yet!
[Psy-X] WARNING - CD subsystem is not initialized yet!
[Psy-X] WARNING - CD subsystem is not initialized yet!
[Psy-X] WARNING - CD subsystem is not initialized yet!
[Psy-X] WARNING - CD subsystem is not initialized yet!
[Psy-X] WARNING - CD subsystem is not initialized yet!
[Psy-X] WARNING - CD subsystem is not initialized yet!
[Psy-X] WARNING - CD subsystem is not initialized yet!
[Psy-X] WARNING - CD subsystem is not initialized yet!
[Psy-X] WARNING - CD subsystem is not initialized yet!
[Psy-X] WARNING - CD subsystem is not initialized yet!
[Psy-X] WARNING - CD subsystem is not initialized yet!
[Psy-X] WARNING - CD subsystem is not initialized yet!
[Psy-X] WARNING - CD subsystem is not initialized yet!
[Psy-X] WARNING - CD subsystem is not initialized yet!
[Psy-X] WARNING - CD subsystem is not initialized yet!
[Psy-X] WARNING - CD subsystem is not initialized yet!
[Psy-X] WARNING - CD subsystem is not initialized yet!
[Psy-X] WARNING - CD subsystem is not initialized yet!
[Psy-X] WARNING - CD subsystem is not initialized yet!
[Psy-X] WARNING - CD subsystem is not initialized yet!
[Psy-X] WARNING - CD subsystem is not initialized yet!
[Psy-X] WARNING - CD subsystem is not initialized yet!
[Psy-X] WARNING - CD subsystem is not initialized yet!
[Psy-X] WARNING - CD subsystem is not initialized yet!
[Psy-X] WARNING - CD subsystem is not initialized yet!
[Psy-X] WARNING - CD subsystem is not initialized yet!
[Psy-X] WARNING - CD subsystem is not initialized yet!
[Psy-X] WARNING - CD subsystem is not initialized yet!
[Psy-X] WARNING - CD subsystem is not initialized yet!
[Psy-X] WARNING - CD subsystem is not initialized yet!
[Psy-X] WARNING - CD subsystem is not initialized yet!
[Psy-X] WARNING - CD subsystem is not initialized yet!
[Psy-X] WARNING - CD subsystem is not initialized yet!
[Psy-X] WARNING - CD subsystem is not initialized yet!
[Psy-X] WARNING - CD subsystem is not initialized yet!
[Psy-X] WARNING - CD subsystem is not initialized yet!
[Psy-X] WARNING - CD subsystem is not initialized yet!
[Psy-X] WARNING - CD subsystem is not initialized yet!
[Psy-X] WARNING - CD subsystem is not initialized yet!
[Psy-X] WARNING - CD subsystem is not initialized yet!
[Psy-X] WARNING - CD subsystem is not initialized yet!
[Psy-X] WARNING - CD subsystem is not initialized yet!
[Psy-X] WARNING - CD subsystem is not initialized yet!
[Psy-X] WARNING - CD subsystem is not initialized yet!
[Psy-X] WARNING - CD subsystem is not initialized yet!
[Psy-X] WARNING - CD subsystem is not initialized yet!
[Psy-X] WARNING - CD subsystem is not initialized yet!
[Psy-X] WARNING - CD subsystem is not initialized yet!
[Psy-X] WARNING - CD subsystem is not initialized yet!
[Psy-X] WARNING - CD subsystem is not initialized yet!
[Psy-X] WARNING - CD subsystem is not initialized yet!
[Psy-X] WARNING - CD subsystem is not initialized yet!
[Psy-X] WARNING - CD subsystem is not initialized yet!
[Psy-X] WARNING - CD subsystem is not initialized yet!
[Psy-X] WARNING - CD subsystem is not initialized yet!
[Psy-X] WARNING - CD subsystem is not initialized yet!
[Psy-X] WARNING - CD subsystem is not initialized yet!
[Psy-X] WARNING - CD subsystem is not initialized yet!
[Psy-X] WARNING - CD subsystem is not initialized yet!
[Psy-X] WARNING - CD subsystem is not initialized yet!
[Psy-X] WARNING - CD subsystem is not initialized yet!
[Psy-X] WARNING - CD subsystem is not initialized yet!
[Psy-X] WARNING - CD subsystem is not initialized yet!
[Psy-X] WARNING - CD subsystem is not initialized yet!
[Psy-X] WARNING - CD subsystem is not initialized yet!
[Psy-X] WARNING - CD subsystem is not initialized yet!
[Psy-X] WARNING - CD subsystem is not initialized yet!
[Psy-X] WARNING - CD subsystem is not initialized yet!
[Psy-X] WARNING - CD subsystem is not initialized yet!
[Psy-X] WARNING - CD subsystem is not initialized yet!
[Psy-X] WARNING - CD subsystem is not initialized yet!
[Psy-X] WARNING - CD subsystem is not initialized yet!
[Psy-X] WARNING - CD subsystem is not initialized yet!
[Psy-X] WARNING - CD subsystem is not initialized yet!
[Psy-X] WARNING - CD subsystem is not initialized yet!
[Psy-X] WARNING - CD subsystem is not initialized yet!
[Psy-X] WARNING - CD subsystem is not initialized yet!
[Psy-X] WARNING - CD subsystem is not initialized yet!
[Psy-X] WARNING - CD subsystem is not initialized yet!
[Psy-X] WARNING - CD subsystem is not initialized yet!
[Psy-X] WARNING - CD subsystem is not initialized yet!
[Psy-X] WARNING - CD subsystem is not initialized yet!
[Psy-X] WARNING - CD subsystem is not initialized yet!
[Psy-X] WARNING - CD subsystem is not initialized yet!
[Psy-X] WARNING - CD subsystem is not initialized yet!
[Psy-X] WARNING - CD subsystem is not initialized yet!
[Psy-X] WARNING - CD subsystem is not initialized yet!
[Psy-X] WARNING - CD subsystem is not initialized yet!
[Psy-X] WARNING - CD subsystem is not initialized yet!
[Psy-X] WARNING - CD subsystem is not initialized yet!
[Psy-X] WARNING - CD subsystem is not initialized yet!
[Psy-X] WARNING - CD subsystem is not initialized yet!
[Psy-X] WARNING - CD subsystem is not initialized yet!
[Psy-X] WARNING - CD subsystem is not initialized yet!
[Psy-X] WARNING - CD subsystem is not initialized yet!
[Psy-X] WARNING - CD subsystem is not initialized yet!
[Psy-X] WARNING - CD subsystem is not initialized yet!
[Psy-X] WARNING - CD subsystem is not initialized yet!
[Psy-X] WARNING - CD subsystem is not initialized yet!
[Psy-X] WARNING - CD subsystem is not initialized yet!
[Psy-X] WARNING - CD subsystem is not initialized yet!
[Psy-X] WARNING - CD subsystem is not initialized yet!
[Psy-X] WARNING - CD subsystem is not initialized yet!
[Psy-X] WARNING - CD subsystem is not initialized yet!
[Psy-X] WARNING - CD subsystem is not initialized yet!
[Psy-X] WARNING - CD subsystem is not initialized yet!
[Psy-X] WARNING - CD subsystem is not initialized yet!
[Psy-X] WARNING - CD subsystem is not initialized yet!
[Psy-X] WARNING - CD subsystem is not initialized yet!
[Psy-X] WARNING - CD subsystem is not initialized yet!
[Psy-X] WARNING - CD subsystem is not initialized yet!
[Psy-X] WARNING - CD subsystem is not initialized yet!
[Psy-X] WARNING - CD subsystem is not initialized yet!
[Psy-X] WARNING - CD subsystem is not initialized yet!
[Psy-X] WARNING - CD subsystem is not initialized yet!
[Psy-X] WARNING - CD subsystem is not initialized yet!
[Psy-X] WARNING - CD subsystem is not initialized yet!
[Psy-X] WARNING - CD subsystem is not initialized yet!
[Psy-X] WARNING - CD subsystem is not initialized yet!
[Psy-X] WARNING - CD subsystem is not initialized yet!
[Psy-X] WARNING - CD subsystem is not initialized yet!
[Psy-X] WARNING - CD subsystem is not initialized yet!
[Psy-X] WARNING - CD subsystem is not initialized yet!
[Psy-X] WARNING - CD subsystem is not initialized yet!
[Psy-X] WARNING - CD subsystem is not initialized yet!
[Psy-X] WARNING - CD subsystem is not initialized yet!
[Psy-X] WARNING - CD subsystem is not initialized yet!
[Psy-X] WARNING - CD subsystem is not initialized yet!
[Psy-X] WARNING - CD subsystem is not initialized yet!
[Psy-X] WARNING - CD subsystem is not initialized yet!
[Psy-X] WARNING - CD subsystem is not initialized yet!
[Psy-X] WARNING - CD subsystem is not initialized yet!
[Psy-X] WARNING - CD subsystem is not initialized yet!
[Psy-X] WARNING - CD subsystem is not initialized yet!
[Psy-X] WARNING - CD subsystem is not initialized yet!
[Psy-X] WARNING - CD subsystem is not initialized yet!
[Psy-X] WARNING - CD subsystem is not initialized yet!
[Psy-X] WARNING - CD subsystem is not initialized yet!
[Psy-X] WARNING - CD subsystem is not initialized yet!
[Psy-X] WARNING - CD subsystem is not initialized yet!
[Psy-X] WARNING - CD subsystem is not initialized yet!
[Psy-X] WARNING - CD subsystem is not initialized yet!
[Psy-X] WARNING - CD subsystem is not initialized yet!
[Psy-X] WARNING - CD subsystem is not initialized yet!
[Psy-X] WARNING - CD subsystem is not initialized yet!
[Psy-X] WARNING - CD subsystem is not initialized yet!
[Psy-X] WARNING - CD subsystem is not initialized yet!
[Psy-X] WARNING - CD subsystem is not initialized yet!
[Psy-X] WARNING - CD subsystem is not initialized yet!
[Psy-X] WARNING - CD subsystem is not initialized yet!
[Psy-X] WARNING - CD subsystem is not initialized yet!
[Psy-X] WARNING - CD subsystem is not initialized yet!
[Psy-X] WARNING - CD subsystem is not initialized yet!
[Psy-X] WARNING - CD subsystem is not initialized yet!
[Psy-X] WARNING - CD subsystem is not initialized yet!
[Psy-X] WARNING - CD subsystem is not initialized yet!
[Psy-X] WARNING - CD subsystem is not initialized yet!
[Psy-X] WARNING - CD subsystem is not initialized yet!
[Psy-X] WARNING - CD subsystem is not initialized yet!
[Psy-X] WARNING - CD subsystem is not initialized yet!
[Psy-X] WARNING - CD subsystem is not initialized yet!
[Psy-X] WARNING - CD subsystem is not initialized yet!
[Psy-X] WARNING - CD subsystem is not initialized yet!
[Psy-X] WARNING - CD subsystem is not initialized yet!
[Psy-X] WARNING - CD subsystem is not initialized yet!
[Psy-X] WARNING - CD subsystem is not initialized yet!
[Psy-X] WARNING - CD subsystem is not initialized yet!
[Psy-X] WARNING - CD subsystem is not initialized yet!
[Psy-X] WARNING - CD subsystem is not initialized yet!
[Psy-X] WARNING - CD subsystem is not initialized yet!
[Psy-X] WARNING - CD subsystem is not initialized yet!
[Psy-X] WARNING - CD subsystem is not initialized yet!
[Psy-X] WARNING - CD subsystem is not initialized yet!
[Psy-X] WARNING - CD subsystem is not initialized yet!
[Psy-X] WARNING - CD subsystem is not initialized yet!
[Psy-X] WARNING - CD subsystem is not initialized yet!
[Psy-X] WARNING - CD subsystem is not initialized yet!
[Psy-X] WARNING - CD subsystem is not initialized yet!
[Psy-X] WARNING - CD subsystem is not initialized yet!
[Psy-X] WARNING - CD subsystem is not initialized yet!
[Psy-X] WARNING - CD subsystem is not initialized yet!
[Psy-X] WARNING - CD subsystem is not initialized yet!
[Psy-X] WARNING - CD subsystem is not initialized yet!
[Psy-X] WARNING - CD subsystem is not initialized yet!
[Psy-X] WARNING - CD subsystem is not initialized yet!
[Psy-X] WARNING - CD subsystem is not initialized yet!
[Psy-X] WARNING - CD subsystem is not initialized yet!
[Psy-X] WARNING - CD subsystem is not initialized yet!
[Psy-X] WARNING - CD subsystem is not initialized yet!
[Psy-X] WARNING - CD subsystem is not initialized yet!
[Psy-X] WARNING - CD subsystem is not initialized yet!
[Psy-X] WARNING - CD subsystem is not initialized yet!
[Psy-X] WARNING - CD subsystem is not initialized yet!
[Psy-X] WARNING - CD subsystem is not initialized yet!
[Psy-X] WARNING - CD subsystem is not initialized yet!
[Psy-X] WARNING - CD subsystem is not initialized yet!
[Psy-X] WARNING - CD subsystem is not initialized yet!
[Psy-X] WARNING - CD subsystem is not initialized yet!
[Psy-X] WARNING - CD subsystem is not initialized yet!
[Psy-X] WARNING - CD subsystem is not initialized yet!
[Psy-X] WARNING - CD subsystem is not initialized yet!
[Psy-X] WARNING - CD subsystem is not initialized yet!
[Psy-X] WARNING - CD subsystem is not initialized yet!
[Psy-X] WARNING - CD subsystem is not initialized yet!
[Psy-X] WARNING - CD subsystem is not initialized yet!
[Psy-X] WARNING - CD subsystem is not initialized yet!
[Psy-X] WARNING - CD subsystem is not initialized yet!
[Psy-X] WARNING - CD subsystem is not initialized yet!
[Psy-X] WARNING - CD subsystem is not initialized yet!
[Psy-X] WARNING - CD subsystem is not initialized yet!
[Psy-X] WARNING - CD subsystem is not initialized yet!
[Psy-X] WARNING - CD subsystem is not initialized yet!
[Psy-X] WARNING - CD subsystem is not initialized yet!
[Psy-X] WARNING - CD subsystem is not initialized yet!
[Psy-X] WARNING - CD subsystem is not initialized yet!
[Psy-X] WARNING - CD subsystem is not initialized yet!
[Psy-X] WARNING - CD subsystem is not initialized yet!
[Psy-X] WARNING - CD subsystem is not initialized yet!
[Psy-X] WARNING - CD subsystem is not initialized yet!
[Psy-X] WARNING - CD subsystem is not initialized yet!
[Psy-X] WARNING - CD subsystem is not initialized yet!
[Psy-X] WARNING - CD subsystem is not initialized yet!
[Psy-X] WARNING - CD subsystem is not initialized yet!
[Psy-X] WARNING - CD subsystem is not initialized yet!
[Psy-X] WARNING - CD subsystem is not initialized yet!
[Psy-X] WARNING - CD subsystem is not initialized yet!
[Psy-X] WARNING - CD subsystem is not initialized yet!
[Psy-X] WARNING - CD subsystem is not initialized yet!
[Psy-X] WARNING - CD subsystem is not initialized yet!
[Psy-X] WARNING - CD subsystem is not initialized yet!
[Psy-X] WARNING - CD subsystem is not initialized yet!
[Psy-X] WARNING - CD subsystem is not initialized yet!
[Psy-X] WARNING - CD subsystem is not initialized yet!
[Psy-X] WARNING - CD subsystem is not initialized yet!
[Psy-X] WARNING - CD subsystem is not initialized yet!
[Psy-X] WARNING - CD subsystem is not initialized yet!
[Psy-X] WARNING - CD subsystem is not initialized yet!
[Psy-X] WARNING - CD subsystem is not initialized yet!
[Psy-X] WARNING - CD subsystem is not initialized yet!
[Psy-X] WARNING - CD subsystem is not initialized yet!
[Psy-X] WARNING - CD subsystem is not initialized yet!
[Psy-X] WARNING - CD subsystem is not initialized yet!
[Psy-X] WARNING - CD subsystem is not initialized yet!
[Psy-X] WARNING - CD subsystem is not initialized yet!
[Psy-X] WARNING - CD subsystem is not initialized yet!
[Psy-X] WARNING - CD subsystem is not initialized yet!
[Psy-X] WARNING - CD subsystem is not initialized yet!
[Psy-X] WARNING - CD subsystem is not initialized yet!
[Psy-X] WARNING - CD subsystem is not initialized yet!
[Psy-X] WARNING - CD subsystem is not initialized yet!
[Psy-X] WARNING - CD subsystem is not initialized yet!
[Psy-X] WARNING - CD subsystem is not initialized yet!
[Psy-X] WARNING - CD subsystem is not initialized yet!
[Psy-X] WARNING - CD subsystem is not initialized yet!
[Psy-X] WARNING - CD subsystem is not initialized yet!
[Psy-X] WARNING - CD subsystem is not initialized yet!
[Psy-X] WARNING - CD subsystem is not initialized yet!
[Psy-X] WARNING - CD subsystem is not initialized yet!
[Psy-X] WARNING - CD subsystem is not initialized yet!
[Psy-X] WARNING - CD subsystem is not initialized yet!
[Psy-X] WARNING - CD subsystem is not initialized yet!
[Psy-X] WARNING - CD subsystem is not initialized yet!
[Psy-X] WARNING - CD subsystem is not initialized yet!
[Psy-X] WARNING - CD subsystem is not initialized yet!
[Psy-X] WARNING - CD subsystem is not initialized yet!
[Psy-X] WARNING - CD subsystem is not initialized yet!
[Psy-X] WARNING - CD subsystem is not initialized yet!
[Psy-X] WARNING - CD subsystem is not initialized yet!
[Psy-X] WARNING - CD subsystem is not initialized yet!
[Psy-X] WARNING - CD subsystem is not initialized yet!
[Psy-X] WARNING - CD subsystem is not initialized yet!
[Psy-X] WARNING - CD subsystem is not initialized yet!
[Psy-X] WARNING - CD subsystem is not initialized yet!
[Psy-X] WARNING - CD subsystem is not initialized yet!
[Psy-X] WARNING - CD subsystem is not initialized yet!
[Psy-X] WARNING - CD subsystem is not initialized yet!
[Psy-X] WARNING - CD subsystem is not initialized yet!
[Psy-X] WARNING - CD subsystem is not initialized yet!
[Psy-X] WARNING - CD subsystem is not initialized yet!
[Psy-X] WARNING - CD subsystem is not initialized yet!
[Psy-X] WARNING - CD subsystem is not initialized yet!
[Psy-X] WARNING - CD subsystem is not initialized yet!
[Psy-X] WARNING - CD subsystem is not initialized yet!
[Psy-X] WARNING - CD subsystem is not initialized yet!
[Psy-X] WARNING - CD subsystem is not initialized yet!
[Psy-X] WARNING - CD subsystem is not initialized yet!
[Psy-X] WARNING - CD subsystem is not initialized yet!
[Psy-X] WARNING - CD subsystem is not initialized yet!
[Psy-X] WARNING - CD subsystem is not initialized yet!
[Psy-X] WARNING - CD subsystem is not initialized yet!
[Psy-X] WARNING - CD subsystem is not initialized yet!
[Psy-X] WARNING - CD subsystem is not initialized yet!
[Psy-X] WARNING - CD subsystem is not initialized yet!
[Psy-X] WARNING - CD subsystem is not initialized yet!
[Psy-X] WARNING - CD subsystem is not initialized yet!
[Psy-X] WARNING - CD subsystem is not initialized yet!
[Psy-X] WARNING - CD subsystem is not initialized yet!
[Psy-X] WARNING - CD subsystem is not initialized yet!
[Psy-X] WARNING - CD subsystem is not initialized yet!
[Psy-X] WARNING - CD subsystem is not initialized yet!
[Psy-X] WARNING - CD subsystem is not initialized yet!
[Psy-X] WARNING - CD subsystem is not initialized yet!
[Psy-X] WARNING - CD subsystem is not initialized yet!
[Psy-X] WARNING - CD subsystem is not initialized yet!
[Psy-X] WARNING - CD subsystem is not initialized yet!
[Psy-X] WARNING - CD subsystem is not initialized yet!
[Psy-X] WARNING - CD subsystem is not initialized yet!
[Psy-X] WARNING - CD subsystem is not initialized yet!
[Psy-X] WARNING - CD subsystem is not initialized yet!
[Psy-X] WARNING - CD subsystem is not initialized yet!
[Psy-X] WARNING - CD subsystem is not initialized yet!
[Psy-X] WARNING - CD subsystem is not initialized yet!
[Psy-X] WARNING - CD subsystem is not initialized yet!
[Psy-X] WARNING - CD subsystem is not initialized yet!
[Psy-X] WARNING - CD subsystem is not initialized yet!
[Psy-X] WARNING - CD subsystem is not initialized yet!
[Psy-X] WARNING - CD subsystem is not initialized yet!
[Psy-X] WARNING - CD subsystem is not initialized yet!
[Psy-X] WARNING - CD subsystem is not initialized yet!
[Psy-X] WARNING - CD subsystem is not initialized yet!
[Psy-X] WARNING - CD subsystem is not initialized yet!
[Psy-X] WARNING - CD subsystem is not initialized yet!
[Psy-X] WARNING - CD subsystem is not initialized yet!
[Psy-X] WARNING - CD subsystem is not initialized yet!
[Psy-X] WARNING - CD subsystem is not initialized yet!
[Psy-X] WARNING - CD subsystem is not initialized yet!
[Psy-X] WARNING - CD subsystem is not initialized yet!
[Psy-X] WARNING - CD subsystem is not initialized yet!
[Psy-X] WARNING - CD subsystem is not initialized yet!
[Psy-X] WARNING - CD subsystem is not initialized yet!
[Psy-X] WARNING - CD subsystem is not initialized yet!
[Psy-X] WARNING - CD subsystem is not initialized yet!
[Psy-X] WARNING - CD subsystem is not initialized yet!
[Psy-X] WARNING - CD subsystem is not initialized yet!
[Psy-X] WARNING - CD subsystem is not initialized yet!
[Psy-X] WARNING - CD subsystem is not initialized yet!
[Psy-X] WARNING - CD subsystem is not initialized yet!
[Psy-X] WARNING - CD subsystem is not initialized yet!
[Psy-X] WARNING - CD subsystem is not initialized yet!
[Psy-X] WARNING - CD subsystem is not initialized yet!
[Psy-X] WARNING - CD subsystem is not initialized yet!
[Psy-X] WARNING - CD subsystem is not initialized yet!
[Psy-X] WARNING - CD subsystem is not initialized yet!
[Psy-X] WARNING - CD subsystem is not initialized yet!
[Psy-X] WARNING - CD subsystem is not initialized yet!
[Psy-X] WARNING - CD subsystem is not initialized yet!
[Psy-X] WARNING - CD subsystem is not initialized yet!
[Psy-X] WARNING - CD subsystem is not initialized yet!
[Psy-X] WARNING - CD subsystem is not initialized yet!
[Psy-X] WARNING - CD subsystem is not initialized yet!
[Psy-X] WARNING - CD subsystem is not initialized yet!
[Psy-X] WARNING - CD subsystem is not initialized yet!
[Psy-X] WARNING - CD subsystem is not initialized yet!
[Psy-X] WARNING - CD subsystem is not initialized yet!
[Psy-X] WARNING - CD subsystem is not initialized yet!
[Psy-X] WARNING - CD subsystem is not initialized yet!
[Psy-X] WARNING - CD subsystem is not initialized yet!
[Psy-X] WARNING - CD subsystem is not initialized yet!
[Psy-X] WARNING - CD subsystem is not initialized yet!
[Psy-X] WARNING - CD subsystem is not initialized yet!
[Psy-X] WARNING - CD subsystem is not initialized yet!
[Psy-X] WARNING - CD subsystem is not initialized yet!
[Psy-X] WARNING - CD subsystem is not initialized yet!
[Psy-X] WARNING - CD subsystem is not initialized yet!
[Psy-X] WARNING - CD subsystem is not initialized yet!
[Psy-X] WARNING - CD subsystem is not initialized yet!
[Psy-X] WARNING - CD subsystem is not initialized yet!
[Psy-X] WARNING - CD subsystem is not initialized yet!
[Psy-X] WARNING - CD subsystem is not initialized yet!
[Psy-X] WARNING - CD subsystem is not initialized yet!
[Psy-X] WARNING - CD subsystem is not initialized yet!
[Psy-X] WARNING - CD subsystem is not initialized yet!
[Psy-X] WARNING - CD subsystem is not initialized yet!
[Psy-X] WARNING - CD subsystem is not initialized yet!
[Psy-X] WARNING - CD subsystem is not initialized yet!
[Psy-X] WARNING - CD subsystem is not initialized yet!
[Psy-X] WARNING - CD subsystem is not initialized yet!
[Psy-X] WARNING - CD subsystem is not initialized yet!
[Psy-X] WARNING - CD subsystem is not initialized yet!
[Psy-X] WARNING - CD subsystem is not initialized yet!
[Psy-X] WARNING - CD subsystem is not initialized yet!
[Psy-X] WARNING - CD subsystem is not initialized yet!
[Psy-X] WARNING - CD subsystem is not initialized yet!
[Psy-X] WARNING - CD subsystem is not initialized yet!
[Psy-X] WARNING - CD subsystem is not initialized yet!
[Psy-X] WARNING - CD subsystem is not initialized yet!
[Psy-X] WARNING - CD subsystem is not initialized yet!
[Psy-X] WARNING - CD subsystem is not initialized yet!
[Psy-X] WARNING - CD subsystem is not initialized yet!
[Psy-X] WARNING - CD subsystem is not initialized yet!
[Psy-X] WARNING - CD subsystem is not initialized yet!
[Psy-X] WARNING - CD subsystem is not initialized yet!
[Psy-X] WARNING - CD subsystem is not initialized yet!
[Psy-X] WARNING - CD subsystem is not initialized yet!
[Psy-X] WARNING - CD subsystem is not initialized yet!
[Psy-X] WARNING - CD subsystem is not initialized yet!
[Psy-X] WARNING - CD subsystem is not initialized yet!
[Psy-X] WARNING - CD subsystem is not initialized yet!
[Psy-X] WARNING - CD subsystem is not initialized yet!
[Psy-X] WARNING - CD subsystem is not initialized yet!
[Psy-X] WARNING - CD subsystem is not initialized yet!
[Psy-X] WARNING - CD subsystem is not initialized yet!
[Psy-X] WARNING - CD subsystem is not initialized yet!
[Psy-X] WARNING - CD subsystem is not initialized yet!
[Psy-X] WARNING - CD subsystem is not initialized yet!
[Psy-X] WARNING - CD subsystem is not initialized yet!
[Psy-X] WARNING - CD subsystem is not initialized yet!
[Psy-X] WARNING - CD subsystem is not initialized yet!
[Psy-X] WARNING - CD subsystem is not initialized yet!
[Psy-X] WARNING - CD subsystem is not initialized yet!
[Psy-X] WARNING - CD subsystem is not initialized yet!
[Psy-X] WARNING - CD subsystem is not initialized yet!
[Psy-X] WARNING - CD subsystem is not initialized yet!
[Psy-X] WARNING - CD subsystem is not initialized yet!
[Psy-X] WARNING - CD subsystem is not initialized yet!
[Psy-X] WARNING - CD subsystem is not initialized yet!
[Psy-X] WARNING - CD subsystem is not initialized yet!
[Psy-X] WARNING - CD subsystem is not initialized yet!
[Psy-X] WARNING - CD subsystem is not initialized yet!
[Psy-X] WARNING - CD subsystem is not initialized yet!
[Psy-X] WARNING - CD subsystem is not initialized yet!
[Psy-X] WARNING - CD subsystem is not initialized yet!
[Psy-X] WARNING - CD subsystem is not initialized yet!
[Psy-X] WARNING - CD subsystem is not initialized yet!
[Psy-X] WARNING - CD subsystem is not initialized yet!
[Psy-X] WARNING - CD subsystem is not initialized yet!
[Psy-X] WARNING - CD subsystem is not initialized yet!
[Psy-X] WARNING - CD subsystem is not initialized yet!
[Psy-X] WARNING - CD subsystem is not initialized yet!
[Psy-X] WARNING - CD subsystem is not initialized yet!
[Psy-X] WARNING - CD subsystem is not initialized yet!
[Psy-X] WARNING - CD subsystem is not initialized yet!
[Psy-X] WARNING - CD subsystem is not initialized yet!
[Psy-X] WARNING - CD subsystem is not initialized yet!
[Psy-X] WARNING - CD subsystem is not initialized yet!
[Psy-X] WARNING - CD subsystem is not initialized yet!
[Psy-X] WARNING - CD subsystem is not initialized yet!
[Psy-X] WARNING - CD subsystem is not initialized yet!
[Psy-X] WARNING - CD subsystem is not initialized yet!
[Psy-X] WARNING - CD subsystem is not initialized yet!
[Psy-X] WARNING - CD subsystem is not initialized yet!
[Psy-X] WARNING - CD subsystem is not initialized yet!
[Psy-X] WARNING - CD subsystem is not initialized yet!
[Psy-X] WARNING - CD subsystem is not initialized yet!
[Psy-X] WARNING - CD subsystem is not initialized yet!
[Psy-X] WARNING - CD subsystem is not initialized yet!
[Psy-X] WARNING - CD subsystem is not initialized yet!
[Psy-X] WARNING - CD subsystem is not initialized yet!
[Psy-X] WARNING - CD subsystem is not initialized yet!
[Psy-X] WARNING - CD subsystem is not initialized yet!
[Psy-X] WARNING - CD subsystem is not initialized yet!
[Psy-X] WARNING - CD subsystem is not initialized yet!
[Psy-X] WARNING - CD subsystem is not initialized yet!
[Psy-X] WARNING - CD subsystem is not initialized yet!
[Psy-X] WARNING - CD subsystem is not initialized yet!
[Psy-X] WARNING - CD subsystem is not initialized yet!
[Psy-X] WARNING - CD subsystem is not initialized yet!
[Psy-X] WARNING - CD subsystem is not initialized yet!
[Psy-X] WARNING - CD subsystem is not initialized yet!
[Psy-X] WARNING - CD subsystem is not initialized yet!
[Psy-X] WARNING - CD subsystem is not initialized yet!
[Psy-X] WARNING - CD subsystem is not initialized yet!
[Psy-X] WARNING - CD subsystem is not initialized yet!
[Psy-X] WARNING - CD subsystem is not initialized yet!
[Psy-X] WARNING - CD subsystem is not initialized yet!
[Psy-X] WARNING - CD subsystem is not initialized yet!
[Psy-X] WARNING - CD subsystem is not initialized yet!
[Psy-X] WARNING - CD subsystem is not initialized yet!
[Psy-X] WARNING - CD subsystem is not initialized yet!
[Psy-X] WARNING - CD subsystem is not initialized yet!
[Psy-X] WARNING - CD subsystem is not initialized yet!
[Psy-X] WARNING - CD subsystem is not initialized yet!
[Psy-X] WARNING - CD subsystem is not initialized yet!
[Psy-X] WARNING - CD subsystem is not initialized yet!
[Psy-X] WARNING - CD subsystem is not initialized yet!
[Psy-X] WARNING - CD subsystem is not initialized yet!
[Psy-X] WARNING - CD subsystem is not initialized yet!
[Psy-X] WARNING - CD subsystem is not initialized yet!
[Psy-X] WARNING - CD subsystem is not initialized yet!
[Psy-X] WARNING - CD subsystem is not initialized yet!
[Psy-X] WARNING - CD subsystem is not initialized yet!
[Psy-X] WARNING - CD subsystem is not initialized yet!
[Psy-X] WARNING - CD subsystem is not initialized yet!
[Psy-X] WARNING - CD subsystem is not initialized yet!
[Psy-X] WARNING - CD subsystem is not initialized yet!
[Psy-X] WARNING - CD subsystem is not initialized yet!
[Psy-X] WARNING - CD subsystem is not initialized yet!
[Psy-X] WARNING - CD subsystem is not initialized yet!
[Psy-X] WARNING - CD subsystem is not initialized yet!
[Psy-X] WARNING - CD subsystem is not initialized yet!
[Psy-X] WARNING - CD subsystem is not initialized yet!
[Psy-X] WARNING - CD subsystem is not initialized yet!
[Psy-X] WARNING - CD subsystem is not initialized yet!
[Psy-X] WARNING - CD subsystem is not initialized yet!
[Psy-X] WARNING - CD subsystem is not initialized yet!
[Psy-X] WARNING - CD subsystem is not initialized yet!
[Psy-X] WARNING - CD subsystem is not initialized yet!
[Psy-X] WARNING - CD subsystem is not initialized yet!
[Psy-X] WARNING - CD subsystem is not initialized yet!
[Psy-X] WARNING - CD subsystem is not initialized yet!
[Psy-X] WARNING - CD subsystem is not initialized yet!
[Psy-X] WARNING - CD subsystem is not initialized yet!
[Psy-X] WARNING - CD subsystem is not initialized yet!
[Psy-X] WARNING - CD subsystem is not initialized yet!
[Psy-X] WARNING - CD subsystem is not initialized yet!
[Psy-X] WARNING - CD subsystem is not initialized yet!
[Psy-X] WARNING - CD subsystem is not initialized yet!
[Psy-X] WARNING - CD subsystem is not initialized yet!
[Psy-X] WARNING - CD subsystem is not initialized yet!
[Psy-X] WARNING - CD subsystem is not initialized yet!
[Psy-X] WARNING - CD subsystem is not initialized yet!
[Psy-X] WARNING - CD subsystem is not initialized yet!
[Psy-X] WARNING - CD subsystem is not initialized yet!
[Psy-X] WARNING - CD subsystem is not initialized yet!
[Psy-X] WARNING - CD subsystem is not initialized yet!
[Psy-X] WARNING - CD subsystem is not initialized yet!
[Psy-X] WARNING - CD subsystem is not initialized yet!
[Psy-X] WARNING - CD subsystem is not initialized yet!
[Psy-X] WARNING - CD subsystem is not initialized yet!
[Psy-X] WARNING - CD subsystem is not initialized yet!
[Psy-X] WARNING - CD subsystem is not initialized yet!
[Psy-X] WARNING - CD subsystem is not initialized yet!
[Psy-X] WARNING - CD subsystem is not initialized yet!
[Psy-X] WARNING - CD subsystem is not initialized yet!
[Psy-X] WARNING - CD subsystem is not initialized yet!
[Psy-X] WARNING - CD subsystem is not initialized yet!
[Psy-X] WARNING - CD subsystem is not initialized yet!
[Psy-X] WARNING - CD subsystem is not initialized yet!
[Psy-X] WARNING - CD subsystem is not initialized yet!
[Psy-X] WARNING - CD subsystem is not initialized yet!
[Psy-X] WARNING - CD subsystem is not initialized yet!
[Psy-X] WARNING - CD subsystem is not initialized yet!
[Psy-X] WARNING - CD subsystem is not initialized yet!
[Psy-X] WARNING - CD subsystem is not initialized yet!
[Psy-X] WARNING - CD subsystem is not initialized yet!
[Psy-X] WARNING - CD subsystem is not initialized yet!
[Psy-X] WARNING - CD subsystem is not initialized yet!
[Psy-X] WARNING - CD subsystem is not initialized yet!
[Psy-X] WARNING - CD subsystem is not initialized yet!
[Psy-X] WARNING - CD subsystem is not initialized yet!
[Psy-X] WARNING - CD subsystem is not initialized yet!
[Psy-X] WARNING - CD subsystem is not initialized yet!
[Psy-X] WARNING - CD subsystem is not initialized yet!
[Psy-X] WARNING - CD subsystem is not initialized yet!
[Psy-X] WARNING - CD subsystem is not initialized yet!
[Psy-X] WARNING - CD subsystem is not initialized yet!
[Psy-X] WARNING - CD subsystem is not initialized yet!
[Psy-X] WARNING - CD subsystem is not initialized yet!
[Psy-X] WARNING - CD subsystem is not initialized yet!
[Psy-X] WARNING - CD subsystem is not initialized yet!
[Psy-X] WARNING - CD subsystem is not initialized yet!
[Psy-X] WARNING - CD subsystem is not initialized yet!
[Psy-X] WARNING - CD subsystem is not initialized yet!
[Psy-X] WARNING - CD subsystem is not initialized yet!
[Psy-X] WARNING - CD subsystem is not initialized yet!
[Psy-X] WARNING - CD subsystem is not initialized yet!
[Psy-X] WARNING - CD subsystem is not initialized yet!
[Psy-X] WARNING - CD subsystem is not initialized yet!
[Psy-X] WARNING - CD subsystem is not initialized yet!
[Psy-X] WARNING - CD subsystem is not initialized yet!
[Psy-X] WARNING - CD subsystem is not initialized yet!
[Psy-X] WARNING - CD subsystem is not initialized yet!
[Psy-X] WARNING - CD subsystem is not initialized yet!
[Psy-X] WARNING - CD subsystem is not initialized yet!
[Psy-X] WARNING - CD subsystem is not initialized yet!
[Psy-X] WARNING - CD subsystem is not initialized yet!
[Psy-X] WARNING - CD subsystem is not initialized yet!
[Psy-X] WARNING - CD subsystem is not initialized yet!
[Psy-X] WARNING - CD subsystem is not initialized yet!
[Psy-X] WARNING - CD subsystem is not initialized yet!
[Psy-X] WARNING - CD subsystem is not initialized yet!
[Psy-X] WARNING - CD subsystem is not initialized yet!
[Psy-X] WARNING - CD subsystem is not initialized yet!
[Psy-X] WARNING - CD subsystem is not initialized yet!
[Psy-X] WARNING - CD subsystem is not initialized yet!
[Psy-X] WARNING - CD subsystem is not initialized yet!
[Psy-X] WARNING - CD subsystem is not initialized yet!
[Psy-X] WARNING - CD subsystem is not initialized yet!
[Psy-X] WARNING - CD subsystem is not initialized yet!
[Psy-X] WARNING - CD subsystem is not initialized yet!
[Psy-X] WARNING - CD subsystem is not initialized yet!
[Psy-X] WARNING - CD subsystem is not initialized yet!
[Psy-X] WARNING - CD subsystem is not initialized yet!
[Psy-X] WARNING - CD subsystem is not initialized yet!
[Psy-X] WARNING - CD subsystem is not initialized yet!
[Psy-X] WARNING - CD subsystem is not initialized yet!
[Psy-X] WARNING - CD subsystem is not initialized yet!
[Psy-X] WARNING - CD subsystem is not initialized yet!
[Psy-X] WARNING - CD subsystem is not initialized yet!
[Psy-X] WARNING - CD subsystem is not initialized yet!
[Psy-X] WARNING - CD subsystem is not initialized yet!
[Psy-X] WARNING - CD subsystem is not initialized yet!
[Psy-X] WARNING - CD subsystem is not initialized yet!
[Psy-X] WARNING - CD subsystem is not initialized yet!
[Psy-X] WARNING - CD subsystem is not initialized yet!
[Psy-X] WARNING - CD subsystem is not initialized yet!
[Psy-X] WARNING - CD subsystem is not initialized yet!
[Psy-X] WARNING - CD subsystem is not initialized yet!
[Psy-X] WARNING - CD subsystem is not initialized yet!
[Psy-X] WARNING - CD subsystem is not initialized yet!
[Psy-X] WARNING - CD subsystem is not initialized yet!
[Psy-X] WARNING - CD subsystem is not initialized yet!
[Psy-X] WARNING - CD subsystem is not initialized yet!
[Psy-X] WARNING - CD subsystem is not initialized yet!
[Psy-X] WARNING - CD subsystem is not initialized yet!
[Psy-X] WARNING - CD subsystem is not initialized yet!
[Psy-X] WARNING - CD subsystem is not initialized yet!
[Psy-X] WARNING - CD subsystem is not initialized yet!
[Psy-X] WARNING - CD subsystem is not initialized yet!
[Psy-X] WARNING - CD subsystem is not initialized yet!
[Psy-X] WARNING - CD subsystem is not initialized yet!
[Psy-X] WARNING - CD subsystem is not initialized yet!
[Psy-X] WARNING - CD subsystem is not initialized yet!
[Psy-X] WARNING - CD subsystem is not initialized yet!
[Psy-X] WARNING - CD subsystem is not initialized yet!
[Psy-X] WARNING - CD subsystem is not initialized yet!
[Psy-X] WARNING - CD subsystem is not initialized yet!
[Psy-X] WARNING - CD subsystem is not initialized yet!
[Psy-X] WARNING - CD subsystem is not initialized yet!
[Psy-X] WARNING - CD subsystem is not initialized yet!
[Psy-X] WARNING - CD subsystem is not initialized yet!
[Psy-X] WARNING - CD subsystem is not initialized yet!
[Psy-X] WARNING - CD subsystem is not initialized yet!
[Psy-X] WARNING - CD subsystem is not initialized yet!
[Psy-X] WARNING - CD subsystem is not initialized yet!
[Psy-X] WARNING - CD subsystem is not initialized yet!
[Psy-X] WARNING - CD subsystem is not initialized yet!
[Psy-X] WARNING - CD subsystem is not initialized yet!
[Psy-X] WARNING - CD subsystem is not initialized yet!
[Psy-X] WARNING - CD subsystem is not initialized yet!
---- LOG CLOSED ----
